# JRE version: OpenJDK Runtime Environment (20.0.1+9) (build 20.0.1+9-29)
# Java VM: OpenJDK 64-Bit Server VM (20.0.1+9-29, mixed mode, sharing, tiered, compressed class ptrs, g1 gc, windows-amd64)
GC Precious Log:
 CardTable entry size: 512
 Card Set container configuration: InlinePtr #cards 3 size 8 Array Of Cards #cards 256 size 528 Howl #buckets 8 coarsen threshold 58982 Howl Bitmap #cards 8192 size 1040 coarsen threshold 7372 Card regions per heap region 1 cards per card region 65536
 CPUs: 4 total, 4 available
 Memory: 16063M
 Large Page Support: Disabled
 NUMA Support: Disabled
 Compressed Oops: Disabled
 Heap Region Size: 32M
 Heap Min Capacity: 32M
 Heap Initial Capacity: 256M
 Heap Max Capacity: 2000000M
 Pre-touch: Disabled
 Parallel Workers: 4
 Concurrent Workers: 1
 Concurrent Refinement Workers: 4
 Periodic GC: Disabled
Heap:
 garbage-first heap   total 655360K, used 252105K [0x000002cd80000000, 0x000004b5c8000000)
  region size 32768K, 1 young (32768K), 1 survivors (32768K)
 Metaspace       used 3587K, committed 3712K, reserved 1114112K
  class space    used 322K, committed 384K, reserved 1048576K
GC Heap History (20 events):
Event: 2.332 GC heap after
{Heap after GC invocations=13 (full 7):
 garbage-first heap   total 327680K, used 131443K [0x000002cd80000000, 0x000004b5c8000000)
  region size 32768K, 1 young (32768K), 1 survivors (32768K)
 Metaspace       used 3556K, committed 3712K, reserved 1114112K
  class space    used 320K, committed 384K, reserved 1048576K
}
Event: 2.381 GC heap before
{Heap before GC invocations=13 (full 7):
 garbage-first heap   total 327680K, used 164211K [0x000002cd80000000, 0x000004b5c8000000)
  region size 32768K, 2 young (65536K), 1 survivors (32768K)
 Metaspace       used 3556K, committed 3712K, reserved 1114112K
  class space    used 320K, committed 384K, reserved 1048576K
}
Event: 2.401 GC heap after
{Heap after GC invocations=14 (full 7):
 garbage-first heap   total 327680K, used 147876K [0x000002cd80000000, 0x000004b5c8000000)
  region size 32768K, 1 young (32768K), 1 survivors (32768K)
 Metaspace       used 3556K, committed 3712K, reserved 1114112K
  class space    used 320K, committed 384K, reserved 1048576K
}
Event: 2.428 GC heap before
{Heap before GC invocations=14 (full 7):
 garbage-first heap   total 327680K, used 147876K [0x000002cd80000000, 0x000004b5c8000000)
  region size 32768K, 2 young (65536K), 1 survivors (32768K)
 Metaspace       used 3556K, committed 3712K, reserved 1114112K
  class space    used 320K, committed 384K, reserved 1048576K
}
Event: 2.750 GC heap after
{Heap after GC invocations=15 (full 8):
 garbage-first heap   total 327680K, used 148580K [0x000002cd80000000, 0x000004b5c8000000)
  region size 32768K, 0 young (0K), 0 survivors (0K)
 Metaspace       used 3556K, committed 3712K, reserved 1114112K
  class space    used 320K, committed 384K, reserved 1048576K
}
Event: 2.804 GC heap before
{Heap before GC invocations=15 (full 8):
 garbage-first heap   total 327680K, used 181348K [0x000002cd80000000, 0x000004b5c8000000)
  region size 32768K, 1 young (32768K), 0 survivors (0K)
 Metaspace       used 3556K, committed 3712K, reserved 1114112K
  class space    used 320K, committed 384K, reserved 1048576K
}
Event: 2.818 GC heap after
{Heap after GC invocations=16 (full 8):
 garbage-first heap   total 983040K, used 169166K [0x000002cd80000000, 0x000004b5c8000000)
  region size 32768K, 1 young (32768K), 1 survivors (32768K)
 Metaspace       used 3556K, committed 3712K, reserved 1114112K
  class space    used 320K, committed 384K, reserved 1048576K
}
Event: 2.900 GC heap before
{Heap before GC invocations=16 (full 8):
 garbage-first heap   total 983040K, used 201934K [0x000002cd80000000, 0x000004b5c8000000)
  region size 32768K, 2 young (65536K), 1 survivors (32768K)
 Metaspace       used 3556K, committed 3712K, reserved 1114112K
  class space    used 320K, committed 384K, reserved 1048576K
}
Event: 2.920 GC heap after
{Heap after GC invocations=17 (full 8):
 garbage-first heap   total 983040K, used 186777K [0x000002cd80000000, 0x000004b5c8000000)
  region size 32768K, 1 young (32768K), 1 survivors (32768K)
 Metaspace       used 3556K, committed 3712K, reserved 1114112K
  class space    used 320K, committed 384K, reserved 1048576K
}
Event: 2.947 GC heap before
{Heap before GC invocations=17 (full 8):
 garbage-first heap   total 983040K, used 186777K [0x000002cd80000000, 0x000004b5c8000000)
  region size 32768K, 2 young (65536K), 1 survivors (32768K)
 Metaspace       used 3556K, committed 3712K, reserved 1114112K
  class space    used 320K, committed 384K, reserved 1048576K
}
Event: 3.158 GC heap after
{Heap after GC invocations=18 (full 9):
 garbage-first heap   total 655360K, used 190574K [0x000002cd80000000, 0x000004b5c8000000)
  region size 32768K, 0 young (0K), 0 survivors (0K)
 Metaspace       used 3556K, committed 3712K, reserved 1114112K
  class space    used 320K, committed 384K, reserved 1048576K
}
Event: 3.185 GC heap before
{Heap before GC invocations=18 (full 9):
 garbage-first heap   total 655360K, used 190574K [0x000002cd80000000, 0x000004b5c8000000)
  region size 32768K, 1 young (32768K), 0 survivors (0K)
 Metaspace       used 3556K, committed 3712K, reserved 1114112K
  class space    used 320K, committed 384K, reserved 1048576K
}
Event: 3.398 GC heap after
{Heap after GC invocations=19 (full 10):
 garbage-first heap   total 655360K, used 197504K [0x000002cd80000000, 0x000004b5c8000000)
  region size 32768K, 0 young (0K), 0 survivors (0K)
 Metaspace       used 3556K, committed 3712K, reserved 1114112K
  class space    used 320K, committed 384K, reserved 1048576K
}
Event: 3.496 GC heap before
{Heap before GC invocations=19 (full 10):
 garbage-first heap   total 655360K, used 230272K [0x000002cd80000000, 0x000004b5c8000000)
  region size 32768K, 2 young (65536K), 0 survivors (0K)
 Metaspace       used 3556K, committed 3712K, reserved 1114112K
  class space    used 320K, committed 384K, reserved 1048576K
}
Event: 3.522 GC heap after
{Heap after GC invocations=20 (full 10):
 garbage-first heap   total 655360K, used 250562K [0x000002cd80000000, 0x000004b5c8000000)
  region size 32768K, 1 young (32768K), 1 survivors (32768K)
 Metaspace       used 3556K, committed 3712K, reserved 1114112K
  class space    used 320K, committed 384K, reserved 1048576K
}
Event: 3.548 GC heap before
{Heap before GC invocations=20 (full 10):
 garbage-first heap   total 655360K, used 250562K [0x000002cd80000000, 0x000004b5c8000000)
  region size 32768K, 2 young (65536K), 1 survivors (32768K)
 Metaspace       used 3557K, committed 3712K, reserved 1114112K
  class space    used 320K, committed 384K, reserved 1048576K
}
Event: 3.809 GC heap after
{Heap after GC invocations=21 (full 11):
 garbage-first heap   total 655360K, used 240494K [0x000002cd80000000, 0x000004b5c8000000)
  region size 32768K, 0 young (0K), 0 survivors (0K)
 Metaspace       used 3557K, committed 3712K, reserved 1114112K
  class space    used 320K, committed 384K, reserved 1048576K
}
Event: 4.016 GC heap before
{Heap before GC invocations=21 (full 11):
 garbage-first heap   total 655360K, used 273262K [0x000002cd80000000, 0x000004b5c8000000)
  region size 32768K, 1 young (32768K), 0 survivors (0K)
 Metaspace       used 3587K, committed 3712K, reserved 1114112K
  class space    used 322K, committed 384K, reserved 1048576K
}
Event: 4.035 GC heap after
{Heap after GC invocations=22 (full 11):
 garbage-first heap   total 655360K, used 252314K [0x000002cd80000000, 0x000004b5c8000000)
  region size 32768K, 1 young (32768K), 1 survivors (32768K)
 Metaspace       used 3587K, committed 3712K, reserved 1114112K
  class space    used 322K, committed 384K, reserved 1048576K
}
Event: 4.301 GC heap before
{Heap before GC invocations=22 (full 11):
 garbage-first heap   total 655360K, used 285082K [0x000002cd80000000, 0x000004b5c8000000)
  region size 32768K, 2 young (65536K), 1 survivors (32768K)
 Metaspace       used 3587K, committed 3712K, reserved 1114112K
  class space    used 322K, committed 384K, reserved 1048576K
}

